<?xml version="1.0" encoding="UTF-8"?>
<!-- Generated by org.testng.reporters.JUnitReportReporter -->
<testsuite hostname="DESKTOP-7MUP6DN" failures="0" tests="2" name="com.bd.start.DarazTest" time="53.775" errors="0" timestamp="2022-12-22T12:17:29 BDT" skipped="0">
  <testcase classname="com.bd.start.DarazTest" name="openUrl" time="8.266"/>
  <system-out/>
  <testcase classname="com.bd.start.DarazTest" name="darazTest" time="45.509"/>
  <system-out/>
</testsuite> <!-- com.bd.start.DarazTest -->
