<?xml version="1.0" encoding="UTF-8"?>
<!-- Generated by org.testng.reporters.JUnitReportReporter -->
<testsuite hostname="DESKTOP-7MUP6DN" failures="0" tests="2" name="com.bd.start.facebook" time="31.729" errors="0" timestamp="2022-12-22T12:23:17 BDT" skipped="0">
  <testcase classname="com.bd.start.facebook" name="openUrl" time="3.271"/>
  <system-out/>
  <testcase classname="com.bd.start.facebook" name="facebookStart" time="28.458"/>
  <system-out/>
</testsuite> <!-- com.bd.start.facebook -->
